[remote warn] 2026-01-21T13:15:26.743Z [remote-log] error {"isTrusted":true}
[remote warn] 2026-01-21T13:15:26.744Z [remote-log] disconnected
[remote warn] 2026-01-21T13:15:28.405Z [remote-log] error {"isTrusted":true}
[remote warn] 2026-01-21T13:15:28.405Z [remote-log] disconnected
[remote warn] 2026-01-21T13:15:28.933Z [remote-log] disconnected
[remote warn] 2026-01-21T13:15:28.933Z [remote-log] error {"isTrusted":true}
[remote warn] 2026-01-21T13:15:31.116Z [remote-log] disconnected
[remote warn] 2026-01-21T13:15:31.115Z [remote-log] error {"isTrusted":true}
[remote warn] 2026-01-21T13:15:32.634Z [remote-log] error {"isTrusted":true}
[remote warn] 2026-01-21T13:15:32.635Z [remote-log] disconnected
[remote warn] 2026-01-21T13:15:33.255Z [remote-log] disconnected
[remote warn] 2026-01-21T13:15:33.254Z [remote-log] error {"isTrusted":true}
[remote warn] 2026-01-21T13:15:34.649Z [remote-log] error {"isTrusted":true}
[remote warn] 2026-01-21T13:15:34.650Z [remote-log] disconnected
[remote warn] 2026-01-21T13:15:35.448Z [remote-log] disconnected
[remote warn] 2026-01-21T13:15:35.447Z [remote-log] error {"isTrusted":true}
[remote warn] 2026-01-21T13:15:36.698Z [remote-log] error {"isTrusted":true}
[remote warn] 2026-01-21T13:15:36.698Z [remote-log] disconnected
[remote warn] 2026-01-21T13:15:37.664Z [remote-log] disconnected
[remote warn] 2026-01-21T13:15:37.663Z [remote-log] error {"isTrusted":true}
[remote warn] 2026-01-21T13:15:38.754Z [remote-log] error {"isTrusted":true}
[remote warn] 2026-01-21T13:15:38.755Z [remote-log] disconnected
[remote warn] 2026-01-21T13:15:39.808Z [remote-log] disconnected
[remote warn] 2026-01-21T13:15:39.807Z [remote-log] error {"isTrusted":true}
[remote warn] 2026-01-21T13:15:40.832Z [remote-log] error {"isTrusted":true}
[remote warn] 2026-01-21T13:15:40.833Z [remote-log] disconnected
[remote warn] 2026-01-21T13:15:41.973Z [remote-log] disconnected
[remote warn] 2026-01-21T13:15:41.972Z [remote-log] error {"isTrusted":true}
[remote warn] 2026-01-21T13:15:42.915Z [remote-log] error {"isTrusted":true}
[remote warn] 2026-01-21T13:15:42.915Z [remote-log] disconnected
[remote warn] 2026-01-21T13:15:44.145Z [remote-log] disconnected
[remote warn] 2026-01-21T13:15:44.145Z [remote-log] error {"isTrusted":true}
[remote warn] 2026-01-21T13:15:45.075Z [remote-log] error {"isTrusted":true}
[remote warn] 2026-01-21T13:15:45.076Z [remote-log] disconnected
[remote warn] 2026-01-21T13:15:46.356Z [remote-log] disconnected
[remote warn] 2026-01-21T13:15:46.356Z [remote-log] error {"isTrusted":true}
[remote warn] 2026-01-21T13:15:47.201Z [remote-log] error {"isTrusted":true}
[remote warn] 2026-01-21T13:15:47.202Z [remote-log] disconnected
[remote warn] 2026-01-21T13:15:48.503Z [remote-log] disconnected
[remote warn] 2026-01-21T13:15:48.502Z [remote-log] error {"isTrusted":true}
[remote warn] 2026-01-21T13:15:49.318Z [remote-log] error {"isTrusted":true}
[remote warn] 2026-01-21T13:15:49.318Z [remote-log] disconnected
[remote warn] 2026-01-21T13:15:50.630Z [remote-log] disconnected
[remote warn] 2026-01-21T13:15:50.630Z [remote-log] error {"isTrusted":true}
[remote warn] 2026-01-21T13:15:51.391Z [remote-log] error {"isTrusted":true}
[remote warn] 2026-01-21T13:15:51.391Z [remote-log] disconnected
[remote warn] 2026-01-21T13:15:52.870Z [remote-log] disconnected
[remote warn] 2026-01-21T13:15:52.869Z [remote-log] error {"isTrusted":true}
[remote warn] 2026-01-21T13:15:53.705Z [remote-log] error {"isTrusted":true}
[remote warn] 2026-01-21T13:15:53.705Z [remote-log] disconnected
[remote warn] 2026-01-21T13:15:54.961Z [remote-log] disconnected
[remote warn] 2026-01-21T13:15:54.961Z [remote-log] error {"isTrusted":true}
[remote warn] 2026-01-21T13:15:56.070Z [remote-log] error {"isTrusted":true}
[remote warn] 2026-01-21T13:15:56.071Z [remote-log] disconnected
[remote warn] 2026-01-21T13:15:57.111Z [remote-log] disconnected
[remote warn] 2026-01-21T13:15:57.110Z [remote-log] error {"isTrusted":true}
[remote warn] 2026-01-21T13:15:58.391Z [remote-log] error {"isTrusted":true}
[remote warn] 2026-01-21T13:15:58.392Z [remote-log] disconnected
[remote warn] 2026-01-21T13:15:59.260Z [remote-log] disconnected
[remote warn] 2026-01-21T13:15:59.259Z [remote-log] error {"isTrusted":true}
[remote warn] 2026-01-21T13:16:00.957Z [remote-log] error {"isTrusted":true}
[remote warn] 2026-01-21T13:16:00.957Z [remote-log] disconnected
[remote warn] 2026-01-21T13:16:01.422Z [remote-log] error {"isTrusted":true}
[remote warn] 2026-01-21T13:16:01.423Z [remote-log] disconnected
[remote warn] 2026-01-21T13:16:03.597Z [remote-log] disconnected
[remote warn] 2026-01-21T13:16:03.596Z [remote-log] error {"isTrusted":true}
[remote warn] 2026-01-21T13:16:03.872Z [remote-log] error {"isTrusted":true}
[remote warn] 2026-01-21T13:16:03.872Z [remote-log] disconnected
[remote warn] 2026-01-21T13:16:05.728Z [remote-log] error {"isTrusted":true}
[remote warn] 2026-01-21T13:16:05.728Z [remote-log] disconnected
[remote warn] 2026-01-21T13:16:06.228Z [remote-log] error {"isTrusted":true}
[remote warn] 2026-01-21T13:16:06.228Z [remote-log] disconnected
[remote warn] 2026-01-21T13:16:07.901Z [remote-log] error {"isTrusted":true}
[remote warn] 2026-01-21T13:16:07.902Z [remote-log] disconnected
[remote error] 2026-01-21T13:16:08.741Z Uncaught TypeError: ctx.fillText(...) is not a function http://localhost:5173/src/ui/renderer.ts:309:68
[remote log] 2026-01-21T13:16:09.341Z [input] click {"boardIndex":4,"cellIndex":1,"bigRow":1,"bigCol":1,"smallRow":0,"smallCol":1}
[remote log] 2026-01-21T13:16:09.342Z [autoclick] dispatched at center
[screenshot] saved /Users/harishraghave/Documents/super-tic-tac-toe/logs/screenshot-1769001369354.png
[remote log] 2026-01-21T13:16:09.360Z [screenshot] posted
[remote warn] 2026-01-21T13:16:10.050Z [remote-log] disconnected
[remote warn] 2026-01-21T13:16:10.049Z [remote-log] error {"isTrusted":true}
[remote warn] 2026-01-21T13:16:12.185Z [remote-log] error {"isTrusted":true}
[remote warn] 2026-01-21T13:16:12.186Z [remote-log] disconnected
[remote warn] 2026-01-21T13:16:13.430Z [remote-log] error {"isTrusted":true}
[remote warn] 2026-01-21T13:16:13.430Z [remote-log] disconnected
[remote warn] 2026-01-21T13:16:14.373Z [remote-log] disconnected
[remote warn] 2026-01-21T13:16:14.372Z [remote-log] error {"isTrusted":true}
[remote warn] 2026-01-21T13:16:15.504Z [remote-log] error {"isTrusted":true}
[remote warn] 2026-01-21T13:16:15.505Z [remote-log] disconnected
[remote warn] 2026-01-21T13:16:16.504Z [remote-log] error {"isTrusted":true}
[remote warn] 2026-01-21T13:16:16.504Z [remote-log] disconnected
[remote warn] 2026-01-21T13:16:17.571Z [remote-log] error {"isTrusted":true}
[remote warn] 2026-01-21T13:16:17.572Z [remote-log] disconnected
[remote warn] 2026-01-21T13:16:18.648Z [remote-log] disconnected
[remote warn] 2026-01-21T13:16:18.647Z [remote-log] error {"isTrusted":true}
[remote warn] 2026-01-21T13:16:19.720Z [remote-log] error {"isTrusted":true}
[remote warn] 2026-01-21T13:16:19.721Z [remote-log] disconnected
[remote warn] 2026-01-21T13:16:20.853Z [remote-log] disconnected
[remote warn] 2026-01-21T13:16:20.852Z [remote-log] error {"isTrusted":true}
[remote warn] 2026-01-21T13:16:21.823Z [remote-log] error {"isTrusted":true}
[remote warn] 2026-01-21T13:16:21.823Z [remote-log] disconnected
[remote warn] 2026-01-21T13:16:23.047Z [remote-log] disconnected
[remote warn] 2026-01-21T13:16:23.046Z [remote-log] error {"isTrusted":true}
[remote warn] 2026-01-21T13:16:24.008Z [remote-log] error {"isTrusted":true}
[remote warn] 2026-01-21T13:16:24.008Z [remote-log] disconnected
[remote warn] 2026-01-21T13:16:25.240Z [remote-log] error {"isTrusted":true}
[remote warn] 2026-01-21T13:16:25.240Z [remote-log] disconnected
[remote warn] 2026-01-21T13:16:26.372Z [remote-log] error {"isTrusted":true}
[remote warn] 2026-01-21T13:16:26.373Z [remote-log] disconnected
[remote warn] 2026-01-21T13:16:27.420Z [remote-log] error {"isTrusted":true}
[remote warn] 2026-01-21T13:16:27.421Z [remote-log] disconnected
[remote warn] 2026-01-21T13:16:28.655Z [remote-log] error {"isTrusted":true}
[remote warn] 2026-01-21T13:16:28.656Z [remote-log] disconnected
[remote warn] 2026-01-21T13:16:29.596Z [remote-log] error {"isTrusted":true}
[remote warn] 2026-01-21T13:16:29.597Z [remote-log] disconnected
[remote warn] 2026-01-21T13:16:31.037Z [remote-log] error {"isTrusted":true}
[remote warn] 2026-01-21T13:16:31.038Z [remote-log] disconnected
[remote warn] 2026-01-21T13:16:31.796Z [remote-log] error {"isTrusted":true}
[remote warn] 2026-01-21T13:16:31.797Z [remote-log] disconnected
[remote warn] 2026-01-21T13:16:33.262Z [remote-log] error {"isTrusted":true}
[remote warn] 2026-01-21T13:16:33.263Z [remote-log] disconnected
[remote warn] 2026-01-21T13:16:34.017Z [remote-log] disconnected
[remote warn] 2026-01-21T13:16:34.016Z [remote-log] error {"isTrusted":true}
[remote warn] 2026-01-21T13:16:36.220Z [remote-log] disconnected
[remote warn] 2026-01-21T13:16:36.219Z [remote-log] error {"isTrusted":true}
[remote warn] 2026-01-21T13:16:36.341Z [remote-log] error {"isTrusted":true}
[remote warn] 2026-01-21T13:16:36.342Z [remote-log] disconnected
[remote warn] 2026-01-21T13:16:38.386Z [remote-log] disconnected
[remote warn] 2026-01-21T13:16:38.386Z [remote-log] error {"isTrusted":true}
[remote warn] 2026-01-21T13:16:39.274Z [remote-log] error {"isTrusted":true}
[remote warn] 2026-01-21T13:16:39.275Z [remote-log] disconnected
[remote warn] 2026-01-21T13:16:40.579Z [remote-log] disconnected
[remote warn] 2026-01-21T13:16:40.578Z [remote-log] error {"isTrusted":true}
[remote warn] 2026-01-21T13:16:41.688Z [remote-log] error {"isTrusted":true}
[remote warn] 2026-01-21T13:16:41.688Z [remote-log] disconnected
[remote warn] 2026-01-21T13:16:42.721Z [remote-log] disconnected
[remote warn] 2026-01-21T13:16:42.721Z [remote-log] error {"isTrusted":true}
[remote warn] 2026-01-21T13:16:43.978Z [remote-log] error {"isTrusted":true}
[remote warn] 2026-01-21T13:16:43.978Z [remote-log] disconnected
[remote warn] 2026-01-21T13:16:44.862Z [remote-log] error {"isTrusted":true}
[remote warn] 2026-01-21T13:16:44.863Z [remote-log] disconnected
[remote warn] 2026-01-21T13:16:47.034Z [remote-log] disconnected
[remote warn] 2026-01-21T13:16:47.033Z [remote-log] error {"isTrusted":true}
[remote warn] 2026-01-21T13:16:47.274Z [remote-log] error {"isTrusted":true}
[remote warn] 2026-01-21T13:16:47.274Z [remote-log] disconnected
[remote warn] 2026-01-21T13:16:49.236Z [remote-log] error {"isTrusted":true}
[remote warn] 2026-01-21T13:16:49.236Z [remote-log] disconnected
[remote warn] 2026-01-21T13:16:51.441Z [remote-log] error {"isTrusted":true}
[remote warn] 2026-01-21T13:16:51.442Z [remote-log] disconnected
[remote warn] 2026-01-21T13:16:51.636Z [remote-log] error {"isTrusted":true}
[remote warn] 2026-01-21T13:16:51.636Z [remote-log] disconnected
[remote warn] 2026-01-21T13:16:53.661Z [remote-log] error {"isTrusted":true}
[remote warn] 2026-01-21T13:16:53.661Z [remote-log] disconnected
[remote warn] 2026-01-21T13:16:55.880Z [remote-log] disconnected
[remote warn] 2026-01-21T13:16:55.879Z [remote-log] error {"isTrusted":true}
[remote warn] 2026-01-21T13:16:55.996Z [remote-log] error {"isTrusted":true}
[remote warn] 2026-01-21T13:16:55.997Z [remote-log] disconnected
[remote warn] 2026-01-21T13:16:58.032Z [remote-log] error {"isTrusted":true}
[remote warn] 2026-01-21T13:16:58.032Z [remote-log] disconnected
[remote warn] 2026-01-21T13:16:59.712Z [remote-log] error {"isTrusted":true}
[remote warn] 2026-01-21T13:16:59.713Z [remote-log] disconnected
[remote warn] 2026-01-21T13:17:00.215Z [remote-log] disconnected
[remote warn] 2026-01-21T13:17:00.215Z [remote-log] error {"isTrusted":true}
[remote warn] 2026-01-21T13:17:02.485Z [remote-log] disconnected
[remote warn] 2026-01-21T13:17:02.484Z [remote-log] error {"isTrusted":true}
[remote warn] 2026-01-21T13:17:03.254Z [remote-log] error {"isTrusted":true}
[remote warn] 2026-01-21T13:17:03.255Z [remote-log] disconnected
[remote warn] 2026-01-21T13:17:04.645Z [remote-log] disconnected
[remote warn] 2026-01-21T13:17:04.644Z [remote-log] error {"isTrusted":true}
[remote warn] 2026-01-21T13:17:06.294Z [remote-log] error {"isTrusted":true}
[remote warn] 2026-01-21T13:17:06.294Z [remote-log] disconnected
[remote warn] 2026-01-21T13:17:06.780Z [remote-log] disconnected
[remote warn] 2026-01-21T13:17:06.779Z [remote-log] error {"isTrusted":true}
[remote error] 2026-01-21T13:17:08.439Z Uncaught TypeError: ctx.fillText(...) is not a function http://localhost:5173/src/ui/renderer.ts?t=1769001428367:312:68
[remote error] 2026-01-21T13:17:08.551Z TypeError: ctx.fillText(spLabel, speedX + speedW / 2, speedY + speedH / 2) is not a function. (In 'ctx.fillText(spLabel, speedX + speedW / 2, speedY + speedH / 2)(ctx.canvas)', 'ctx.fillText(spLabel, speedX + speedW / 2, speedY + speedH / 2)' is undefined) http://localhost:5173/src/ui/renderer.ts?t=1769001428367:312:68
[remote warn] 2026-01-21T13:17:08.667Z [remote-log] error {"isTrusted":true}
[remote warn] 2026-01-21T13:17:08.668Z [remote-log] disconnected
[remote log] 2026-01-21T13:17:09.039Z [input] click {"boardIndex":4,"cellIndex":1,"bigRow":1,"bigCol":1,"smallRow":0,"smallCol":1}
[remote log] 2026-01-21T13:17:09.041Z [autoclick] dispatched at center
[screenshot] saved /Users/harishraghave/Documents/super-tic-tac-toe/logs/screenshot-1769001429054.png
[remote log] 2026-01-21T13:17:09.060Z [screenshot] posted
[remote log] 2026-01-21T13:17:09.150Z [input] click {"boardIndex":4,"cellIndex":1,"bigRow":1,"bigCol":1,"smallRow":0,"smallCol":1}
[remote log] 2026-01-21T13:17:09.152Z [autoclick] dispatched at center
[screenshot] saved /Users/harishraghave/Documents/super-tic-tac-toe/logs/screenshot-1769001429166.png
[remote log] 2026-01-21T13:17:09.172Z [screenshot] posted
[remote warn] 2026-01-21T13:17:10.806Z [remote-log] disconnected
[remote warn] 2026-01-21T13:17:10.805Z [remote-log] error {"isTrusted":true}
[remote warn] 2026-01-21T13:17:11.337Z [remote-log] error {"isTrusted":true}
[remote warn] 2026-01-21T13:17:11.338Z [remote-log] disconnected
[remote warn] 2026-01-21T13:17:13.025Z [remote-log] disconnected
[remote warn] 2026-01-21T13:17:13.024Z [remote-log] error {"isTrusted":true}
[remote warn] 2026-01-21T13:17:13.574Z [remote-log] error {"isTrusted":true}
[remote warn] 2026-01-21T13:17:13.575Z [remote-log] disconnected
[remote warn] 2026-01-21T13:17:15.219Z [remote-log] error {"isTrusted":true}
[remote warn] 2026-01-21T13:17:15.220Z [remote-log] disconnected
[remote warn] 2026-01-21T13:17:16.457Z [remote-log] error {"isTrusted":true}
[remote warn] 2026-01-21T13:17:16.458Z [remote-log] disconnected
[remote warn] 2026-01-21T13:17:17.402Z [remote-log] disconnected
[remote warn] 2026-01-21T13:17:17.402Z [remote-log] error {"isTrusted":true}
[remote warn] 2026-01-21T13:17:19.111Z [remote-log] error {"isTrusted":true}
[remote warn] 2026-01-21T13:17:19.112Z [remote-log] disconnected
[remote warn] 2026-01-21T13:17:19.574Z [remote-log] disconnected
[remote warn] 2026-01-21T13:17:19.573Z [remote-log] error {"isTrusted":true}
[remote warn] 2026-01-21T13:17:21.696Z [remote-log] disconnected
[remote warn] 2026-01-21T13:17:21.696Z [remote-log] error {"isTrusted":true}
[remote warn] 2026-01-21T13:17:22.194Z [remote-log] error {"isTrusted":true}
[remote warn] 2026-01-21T13:17:22.195Z [remote-log] disconnected
[remote warn] 2026-01-21T13:17:23.829Z [remote-log] disconnected
[remote warn] 2026-01-21T13:17:23.828Z [remote-log] error {"isTrusted":true}
[remote warn] 2026-01-21T13:17:25.074Z [remote-log] error {"isTrusted":true}
[remote warn] 2026-01-21T13:17:25.075Z [remote-log] disconnected
[remote warn] 2026-01-21T13:17:26.021Z [remote-log] disconnected
[remote warn] 2026-01-21T13:17:26.020Z [remote-log] error {"isTrusted":true}
[remote log] 2026-01-21T13:17:26.758Z [input] hover {"boardIndex":2,"cellIndex":5,"bigRow":0,"bigCol":2,"smallRow":1,"smallCol":2}
[remote log] 2026-01-21T13:17:26.774Z [input] hover {"boardIndex":2,"cellIndex":6,"bigRow":0,"bigCol":2,"smallRow":2,"smallCol":0}
[remote log] 2026-01-21T13:17:26.791Z [input] hover {"boardIndex":4,"cellIndex":5,"bigRow":1,"bigCol":1,"smallRow":1,"smallCol":2}
[remote log] 2026-01-21T13:17:26.807Z [input] hover {"boardIndex":4,"cellIndex":7,"bigRow":1,"bigCol":1,"smallRow":2,"smallCol":1}
[remote log] 2026-01-21T13:17:26.823Z [input] hover {"boardIndex":7,"cellIndex":0,"bigRow":2,"bigCol":1,"smallRow":0,"smallCol":0}
[remote log] 2026-01-21T13:17:27.177Z [input] hover {"boardIndex":7,"cellIndex":0,"bigRow":2,"bigCol":1,"smallRow":0,"smallCol":0}
[remote warn] 2026-01-21T13:17:27.843Z [remote-log] error {"isTrusted":true}
[remote warn] 2026-01-21T13:17:27.843Z [remote-log] disconnected
[remote warn] 2026-01-21T13:17:28.086Z [remote-log] error {"isTrusted":true}
[remote warn] 2026-01-21T13:17:28.086Z [remote-log] disconnected
[remote error] 2026-01-21T13:17:29.171Z Uncaught TypeError: ctx.fillText(...) is not a function http://localhost:5173/src/ui/renderer.ts?t=1769001449102:312:68
[remote error] 2026-01-21T13:17:29.354Z TypeError: ctx.fillText(spLabel, speedX + speedW / 2, speedY + speedH / 2) is not a function. (In 'ctx.fillText(spLabel, speedX + speedW / 2, speedY + speedH / 2)(ctx.canvas)', 'ctx.fillText(spLabel, speedX + speedW / 2, speedY + speedH / 2)' is undefined) http://localhost:5173/src/ui/renderer.ts?t=1769001449102:312:68
[remote warn] 2026-01-21T13:17:29.467Z [remote-log] error {"isTrusted":true}
[remote warn] 2026-01-21T13:17:29.468Z [remote-log] disconnected
[remote log] 2026-01-21T13:17:29.771Z [input] click {"boardIndex":4,"cellIndex":1,"bigRow":1,"bigCol":1,"smallRow":0,"smallCol":1}
[remote log] 2026-01-21T13:17:29.773Z [autoclick] dispatched at center
[screenshot] saved /Users/harishraghave/Documents/super-tic-tac-toe/logs/screenshot-1769001449784.png
[remote log] 2026-01-21T13:17:29.789Z [screenshot] posted
[remote log] 2026-01-21T13:17:29.949Z [input] click {"boardIndex":4,"cellIndex":1,"bigRow":1,"bigCol":1,"smallRow":0,"smallCol":1}
[remote log] 2026-01-21T13:17:29.952Z [autoclick] dispatched at center
[screenshot] saved /Users/harishraghave/Documents/super-tic-tac-toe/logs/screenshot-1769001449964.png
[remote log] 2026-01-21T13:17:29.973Z [screenshot] posted
[remote warn] 2026-01-21T13:17:31.613Z [remote-log] error {"isTrusted":true}
[remote warn] 2026-01-21T13:17:31.613Z [remote-log] disconnected
[remote warn] 2026-01-21T13:17:33.713Z [remote-log] error {"isTrusted":true}
[remote warn] 2026-01-21T13:17:33.713Z [remote-log] disconnected
[remote warn] 2026-01-21T13:17:33.823Z [remote-log] disconnected
[remote warn] 2026-01-21T13:17:33.822Z [remote-log] error {"isTrusted":true}
[remote warn] 2026-01-21T13:17:35.800Z [remote-log] error {"isTrusted":true}
[remote warn] 2026-01-21T13:17:35.801Z [remote-log] disconnected
[remote warn] 2026-01-21T13:17:35.945Z [remote-log] error {"isTrusted":true}
[remote warn] 2026-01-21T13:17:35.946Z [remote-log] disconnected
